Program d:\old backup\p\multi\i-tax\main.prg has the following errors:
    Application DTS - Undefined
    Application INTEGRATION - Undefined

Program d:\old backup\p\multi\i-tax\vu_udfs.prg has the following errors:
    Menu GWARE - Undefined

Form d:\old backup\p\multi\i-tax\spl.scx has the following errors:
    File UGERPWELPAGE.JPG - Undefined

Form d:\old backup\p\multi\i-tax\frmudyogsdi.scx has the following errors:
    Menu GWARE - Undefined
    Proc./Func. UEMULTYCO_MAST - Undefined

Visual Class Library d:\old backup\p\multi\i-tax\vutool.vcx has the following errors:
    Proc./Func. UETRIGTOOLNEW - Undefined
    Unknown UETRIGTOOLSAVE - Undefined
    Proc./Func. UETRIGTOOLAFTSAVEIT - Undefined
    Proc./Func. UETRIGTOOLEDIT - Undefined
    Unknown UETRIGTOOLDELETE - Undefined
    Proc./Func. UETRIGTOOLDELETEAFTER - Undefined
    Proc./Func. UETRIGTOOLCOPY - Undefined
    Proc./Func. UETRIGTOOLPRINT - Undefined
    Proc./Func. UETRIGTOOLEXIT - Undefined

Form d:\old backup\p\multi\i-tax\denied.scx has the following errors:
    File SILVER.BMP - Undefined

Visual Class Library d:\old backup\p\multi\i-tax\_base.vcx has the following errors:
    Program SETOBJRF - Undefined

