Form d:\svngst\account master\acmast.scx has the following errors:
    Unknown BARSTAT - Undefined
    Unknown UDAPPACSAVEBEFORE - Undefined
    Unknown UDTRIGACSAVEBEFORE - Undefined
    Unknown UETRIGACSAVEBEFORE - Undefined
    Unknown UDAPPMASTFINALUPDATE - Undefined
    Unknown UDTRIGMASTFINALUPDATE - Undefined
    Unknown UETRIGMASTFINALUPDATE - Undefined
    Application UDAPPMASTROLLBACK - Undefined
    Program UDTRIGMASTROLLBACK - Undefined
    Proc./Func. UETRIGMASTROLLBACK - Undefined
    Application UDAPPMASTTABLEUPDATE - Undefined
    Program UDTRIGMASTTABLEUPDATE - Undefined
    Proc./Func. UETRIGMASTTABLEUPDATE - Undefined
    Unknown UEGETPOP - Undefined
    Proc./Func. UEEXTRA - Undefined
    Proc./Func. UENRENTRY - Undefined

Program d:\svngst\account master\main.prg has the following errors:
    Unknown APPVERCHK - Undefined

Form d:\svngst\account master\shipto.scx has the following errors:
    Unknown BARSTAT - Undefined
    Unknown UEGETPOP - Undefined
    Proc./Func. UEEXTRA - Undefined

Form d:\svngst\account master\frmgl.scx has the following errors:
    Unknown BARSTAT - Undefined
    Unknown UDAPPMASTFINALUPDATE - Undefined
    Unknown UDTRIGMASTFINALUPDATE - Undefined
    Unknown UETRIGMASTFINALUPDATE - Undefined
    Application UDAPPMASTROLLBACK - Undefined
    Program UDTRIGMASTROLLBACK - Undefined
    Proc./Func. UETRIGMASTROLLBACK - Undefined
    Application UDAPPMASTTABLEUPDATE - Undefined
    Program UDTRIGMASTTABLEUPDATE - Undefined
    Proc./Func. UETRIGMASTTABLEUPDATE - Undefined
    Unknown UEGETPOP - Undefined
    Proc./Func. UEEXTRA - Undefined
    Proc./Func. UEFIND - Undefined

Visual Class Library d:\svngst\account master\_base.vcx has the following errors:
    Program SETOBJRF - Undefined

Form d:\svngst\account master\frmtdsdetail2.scx has the following errors:
    Unknown BARSTAT - Undefined
    Unknown UEGETPOP - Undefined

Form d:\svngst\account master\frmtdsdetail1.scx has the following errors:
    Unknown BARSTAT - Undefined
    Unknown UEGETPOP - Undefined

Form d:\svngst\account master\frmsrvdetail.scx has the following errors:
    Unknown BARSTAT - Undefined
    Unknown UEGETPOP - Undefined

Visual Class Library d:\svngst\account master\uitools.vcx has the following errors:
    Unknown UEGETPOP - Undefined
    Proc./Func. UEEXTRA - Undefined
    Proc./Func. UENRENTRY - Undefined
    Unknown UETRIGVOUITFIRE - Undefined
    Form UEETITDETINAR - Undefined
    Form UEETDETAILINAR - Undefined
    Form UEETITDETINDC - Undefined
    Form UEETDETAILINDC - Undefined
    Form UEETDETAILINIR - Undefined
    Form UEETDETAILINGT - Undefined
    Form UEFRM_ST_EXDATA1 - Undefined
    Form UEFRM_SERVICETAX - Undefined
    Form UEFRM_PT_EXDATA1 - Undefined
    Form UEFRM_SERTAX_DET - Undefined
    Visual Class Library SQLCONNECTION - Undefined
    Form UEFRM_BOMDETAILS - Undefined
    Form UEFRM_OPSTITEMALLOCATION - Undefined
    Form UEFRM_BOMDETAILSIP - Undefined
    Form UEFRM_BOMDETAILSOP - Undefined
    Application UDAPPETVALID - Undefined
    Program UDTRIGETVALID - Undefined
    Program UETRIGETVALID - Undefined

Form d:\svngst\account master\frminterestperiods.scx has the following errors:
    Unknown BARSTAT - Undefined

Form d:\svngst\account master\frmservicedetails.scx has the following errors:
    Unknown BARSTAT - Undefined
    Unknown UEGETPOP - Undefined

