Program e:\suraj\gst\shrikant sir\gst_final\qc inspection\main.prg has the following errors:
    Unknown APPVERCHK - Undefined

Form e:\suraj\gst\shrikant sir\gst_final\qc inspection\frmqcinspection.scx has the following errors:
    Unknown UDTRIGQCCERTFINALUPDT - Undefined
    Unknown BARSTAT - Undefined
    Proc./Func. UECRVIEWER - Undefined
    Proc./Func. UESMSAPPLICATION - Undefined
    Unknown UEGETPOP - Undefined

Visual Class Library e:\beta\vudyoggstsdk\class\vouclass.vcx has the following errors:
    Unknown UEGETPOP - Undefined
    Proc./Func. UENRENTRY - Undefined
    Form UEFRM_OPWKITEMALLOCATION - Undefined
    Unknown UDAPPVOUITFIRE - Undefined
    Unknown UDTRIGVOUITFIRE - Undefined
    Unknown UETRIGVOUITFIRE - Undefined
    Proc./Func. UEEXTRA - Undefined
    Proc./Func. UDAPPVOUXTRACLOSE - Undefined
    Proc./Func. UDTRIGVOUXTRACLOSE - Undefined
    Proc./Func. UETRIGVOUXTRACLOSE - Undefined
    Form UEFRM_DCSTITEMALLOCATION - Undefined
    Form UEFRM_BOMDETAILSIP - Undefined
    Form UEFRM_BOMDETAILSOP - Undefined
    Proc./Func. SAVEOPPTTAXDET - Undefined
    Application UDAPPETVALID - Undefined
    Form PTSRCH - Undefined
    Form UEFRM_GST_ADJ - Undefined
    Application UEDUTYDEBIT - Undefined
    Application UDAPPSUPPLIMENTORY - Undefined
    Application UEFRMGSTADJ - Undefined
    Application UETDSPAYMENT - Undefined
    Application UEEMPPAYROLLPOSTING - Undefined
    Form UEETITDETINAR - Undefined
    Form UEETDETAILINAR - Undefined
    Form UEETITDETINDC - Undefined
    Form UEETDETAILINDC - Undefined
    Form UEETDETAILINIR - Undefined
    Form UEETDETAILINGT - Undefined
    Form UEFRM_PT_EXDATA1 - Undefined
    Form UEFRM_JV_EXDATA1 - Undefined
    Form UEFRM_ST_EXDATA1 - Undefined
    Form UEFRM_SERVICETAX - Undefined
    Form UEFRM_ST_BOND - Undefined
    Form UEFRM_SR_EXDATA1 - Undefined
    Form UEFRM_SERTAX_DET - Undefined
    Application UESERVICETAXCREDIT - Undefined
    Application UESERVICETAXCREDITACCRUAL - Undefined
    Application UDAPPVOUXTRACLOSE - Undefined
    Program UDTRIGVOUXTRACLOSE - Undefined

Visual Class Library e:\beta\vudyoggstsdk\class\standardui.vcx has the following errors:
    Unknown BARSTAT - Undefined

Visual Class Library e:\beta\vudyoggstsdk\class\_base.vcx has the following errors:
    Program SETOBJRF - Undefined

